-------------------------------------------------------------------------------
Test set: TestSuite
-------------------------------------------------------------------------------
Tests run: 5, Failures: 2, Errors: 0, Skipped: 0, Time elapsed: 6.069 s <<< FAILURE! - in TestSuite
testCreatePlayerNoObject on testCreatePlayerNoObject(com.dice.api.PlayerRestControllerTest)(com.dice.api.PlayerRestControllerTest)  Time elapsed: 4.455 s  <<< FAILURE!
org.apache.http.conn.HttpHostConnectException: Connect to localhost:8080 [localhost/127.0.0.1, localhost/0:0:0:0:0:0:0:1] failed: Connection refused: connect
	at com.dice.api.PlayerRestControllerTest.testCreatePlayerNoObject(PlayerRestControllerTest.java:72)
Caused by: java.net.ConnectException: Connection refused: connect
	at com.dice.api.PlayerRestControllerTest.testCreatePlayerNoObject(PlayerRestControllerTest.java:72)

testCreatePlayerDataAccessFail on testCreatePlayerDataAccessFail(com.dice.api.PlayerRestControllerTest)(com.dice.api.PlayerRestControllerTest)  Time elapsed: 0 s  <<< FAILURE!
java.lang.Exception: Unexpected exception, expected<org.springframework.dao.DataAccessResourceFailureException> but was<com.dice.tools.ErrorValueException>
	at com.dice.api.PlayerRestControllerTest.testCreatePlayerDataAccessFail(PlayerRestControllerTest.java:121)

